# JRE version: OpenJDK Runtime Environment (17.0.11) (build 17.0.11+0--11852314)
# Java VM: OpenJDK 64-Bit Server VM (17.0.11+0--11852314, mixed mode, tiered, compressed oops, compressed class ptrs, g1 gc, windows-amd64)
GC Precious Log:
 CPUs: 12 total, 12 available
 Memory: 16191M
 Large Page Support: Disabled
 NUMA Support: Disabled
 Compressed Oops: Enabled (32-bit)
 Heap Region Size: 1M
 Heap Min Capacity: 8M
 Heap Initial Capacity: 254M
 Heap Max Capacity: 2G
 Pre-touch: Disabled
 Parallel Workers: 10
 Concurrent Workers: 3
 Concurrent Refinement Workers: 10
 Periodic GC: Disabled
Heap:
 garbage-first heap   total 260096K, used 148641K [0x0000000080000000, 0x0000000100000000)
  region size 1024K, 2 young (2048K), 2 survivors (2048K)
 Metaspace       used 105115K, committed 105856K, reserved 1179648K
  class space    used 14508K, committed 14848K, reserved 1048576K
GC Heap History (20 events):
Event: 8.348 GC heap after
{Heap after GC invocations=43 (full 0):
 garbage-first heap   total 175104K, used 92084K [0x0000000080000000, 0x0000000100000000)
  region size 1024K, 5 young (5120K), 5 survivors (5120K)
 Metaspace       used 94365K, committed 95168K, reserved 1179648K
  class space    used 13216K, committed 13568K, reserved 1048576K
}
Event: 8.381 GC heap before
{Heap before GC invocations=43 (full 0):
 garbage-first heap   total 175104K, used 95156K [0x0000000080000000, 0x0000000100000000)
  region size 1024K, 8 young (8192K), 5 survivors (5120K)
 Metaspace       used 94539K, committed 95296K, reserved 1179648K
  class space    used 13239K, committed 13568K, reserved 1048576K
}
Event: 8.385 GC heap after
{Heap after GC invocations=44 (full 0):
 garbage-first heap   total 175104K, used 93000K [0x0000000080000000, 0x0000000100000000)
  region size 1024K, 1 young (1024K), 1 survivors (1024K)
 Metaspace       used 94539K, committed 95296K, reserved 1179648K
  class space    used 13239K, committed 13568K, reserved 1048576K
}
Event: 8.872 GC heap before
{Heap before GC invocations=44 (full 0):
 garbage-first heap   total 175104K, used 146248K [0x0000000080000000, 0x0000000100000000)
  region size 1024K, 53 young (54272K), 1 survivors (1024K)
 Metaspace       used 98786K, committed 99520K, reserved 1179648K
  class space    used 13790K, committed 14144K, reserved 1048576K
}
Event: 8.875 GC heap after
{Heap after GC invocations=45 (full 0):
 garbage-first heap   total 175104K, used 96101K [0x0000000080000000, 0x0000000100000000)
  region size 1024K, 5 young (5120K), 5 survivors (5120K)
 Metaspace       used 98786K, committed 99520K, reserved 1179648K
  class space    used 13790K, committed 14144K, reserved 1048576K
}
Event: 9.151 GC heap before
{Heap before GC invocations=46 (full 0):
 garbage-first heap   total 175104K, used 144229K [0x0000000080000000, 0x0000000100000000)
  region size 1024K, 53 young (54272K), 5 survivors (5120K)
 Metaspace       used 100647K, committed 101376K, reserved 1179648K
  class space    used 14091K, committed 14464K, reserved 1048576K
}
Event: 9.158 GC heap after
{Heap after GC invocations=47 (full 0):
 garbage-first heap   total 175104K, used 101403K [0x0000000080000000, 0x0000000100000000)
  region size 1024K, 6 young (6144K), 6 survivors (6144K)
 Metaspace       used 100647K, committed 101376K, reserved 1179648K
  class space    used 14091K, committed 14464K, reserved 1048576K
}
Event: 9.162 GC heap before
{Heap before GC invocations=47 (full 0):
 garbage-first heap   total 175104K, used 102427K [0x0000000080000000, 0x0000000100000000)
  region size 1024K, 8 young (8192K), 6 survivors (6144K)
 Metaspace       used 100651K, committed 101376K, reserved 1179648K
  class space    used 14091K, committed 14464K, reserved 1048576K
}
Event: 9.166 GC heap after
{Heap after GC invocations=48 (full 0):
 garbage-first heap   total 249856K, used 101326K [0x0000000080000000, 0x0000000100000000)
  region size 1024K, 1 young (1024K), 1 survivors (1024K)
 Metaspace       used 100651K, committed 101376K, reserved 1179648K
  class space    used 14091K, committed 14464K, reserved 1048576K
}
Event: 9.604 GC heap before
{Heap before GC invocations=48 (full 0):
 garbage-first heap   total 249856K, used 161742K [0x0000000080000000, 0x0000000100000000)
  region size 1024K, 62 young (63488K), 1 survivors (1024K)
 Metaspace       used 101570K, committed 102336K, reserved 1179648K
  class space    used 14250K, committed 14592K, reserved 1048576K
}
Event: 9.608 GC heap after
{Heap after GC invocations=49 (full 0):
 garbage-first heap   total 249856K, used 105374K [0x0000000080000000, 0x0000000100000000)
  region size 1024K, 5 young (5120K), 5 survivors (5120K)
 Metaspace       used 101570K, committed 102336K, reserved 1179648K
  class space    used 14250K, committed 14592K, reserved 1048576K
}
Event: 10.402 GC heap before
{Heap before GC invocations=50 (full 0):
 garbage-first heap   total 249856K, used 213918K [0x0000000080000000, 0x0000000100000000)
  region size 1024K, 98 young (100352K), 5 survivors (5120K)
 Metaspace       used 104366K, committed 105152K, reserved 1179648K
  class space    used 14431K, committed 14848K, reserved 1048576K
}
Event: 10.416 GC heap after
{Heap after GC invocations=51 (full 0):
 garbage-first heap   total 249856K, used 136862K [0x0000000080000000, 0x0000000100000000)
  region size 1024K, 13 young (13312K), 13 survivors (13312K)
 Metaspace       used 104366K, committed 105152K, reserved 1179648K
  class space    used 14431K, committed 14848K, reserved 1048576K
}
Event: 10.424 GC heap before
{Heap before GC invocations=51 (full 0):
 garbage-first heap   total 249856K, used 137886K [0x0000000080000000, 0x0000000100000000)
  region size 1024K, 14 young (14336K), 13 survivors (13312K)
 Metaspace       used 104366K, committed 105152K, reserved 1179648K
  class space    used 14431K, committed 14848K, reserved 1048576K
}
Event: 10.433 GC heap after
{Heap after GC invocations=52 (full 0):
 garbage-first heap   total 249856K, used 139128K [0x0000000080000000, 0x0000000100000000)
  region size 1024K, 2 young (2048K), 2 survivors (2048K)
 Metaspace       used 104366K, committed 105152K, reserved 1179648K
  class space    used 14431K, committed 14848K, reserved 1048576K
}
Event: 10.647 GC heap before
{Heap before GC invocations=52 (full 0):
 garbage-first heap   total 249856K, used 162680K [0x0000000080000000, 0x0000000100000000)
  region size 1024K, 26 young (26624K), 2 survivors (2048K)
 Metaspace       used 104877K, committed 105600K, reserved 1179648K
  class space    used 14486K, committed 14848K, reserved 1048576K
}
Event: 10.651 GC heap after
{Heap after GC invocations=53 (full 0):
 garbage-first heap   total 249856K, used 142177K [0x0000000080000000, 0x0000000100000000)
  region size 1024K, 5 young (5120K), 5 survivors (5120K)
 Metaspace       used 104877K, committed 105600K, reserved 1179648K
  class space    used 14486K, committed 14848K, reserved 1048576K
}
Event: 10.982 GC heap before
{Heap before GC invocations=54 (full 0):
 garbage-first heap   total 260096K, used 197473K [0x0000000080000000, 0x0000000100000000)
  region size 1024K, 51 young (52224K), 5 survivors (5120K)
 Metaspace       used 105091K, committed 105856K, reserved 1179648K
  class space    used 14505K, committed 14848K, reserved 1048576K
}
Event: 10.989 GC heap after
{Heap after GC invocations=55 (full 0):
 garbage-first heap   total 260096K, used 147389K [0x0000000080000000, 0x0000000100000000)
  region size 1024K, 6 young (6144K), 6 survivors (6144K)
 Metaspace       used 105091K, committed 105856K, reserved 1179648K
  class space    used 14505K, committed 14848K, reserved 1048576K
}
Event: 11.042 GC heap before
{Heap before GC invocations=55 (full 0):
 garbage-first heap   total 260096K, used 153533K [0x0000000080000000, 0x0000000100000000)
  region size 1024K, 12 young (12288K), 6 survivors (6144K)
 Metaspace       used 105115K, committed 105856K, reserved 1179648K
  class space    used 14508K, committed 14848K, reserved 1048576K
}

