# JRE version: OpenJDK Runtime Environment (17.0.11) (build 17.0.11+0--11852314)
# Java VM: OpenJDK 64-Bit Server VM (17.0.11+0--11852314, mixed mode, tiered, compressed oops, compressed class ptrs, g1 gc, windows-amd64)
GC Precious Log:
 CPUs: 12 total, 12 available
 Memory: 16191M
 Large Page Support: Disabled
 NUMA Support: Disabled
 Compressed Oops: Enabled (32-bit)
 Heap Region Size: 1M
 Heap Min Capacity: 8M
 Heap Initial Capacity: 254M
 Heap Max Capacity: 2G
 Pre-touch: Disabled
 Parallel Workers: 10
 Concurrent Workers: 3
 Concurrent Refinement Workers: 10
 Periodic GC: Disabled
Heap:
 garbage-first heap   total 368640K, used 174823K [0x0000000080000000, 0x0000000100000000)
  region size 1024K, 2 young (2048K), 2 survivors (2048K)
 Metaspace       used 141641K, committed 142720K, reserved 1179648K
  class space    used 19795K, committed 20352K, reserved 1048576K
GC Heap History (20 events):
Event: 20.108 GC heap after
{Heap after GC invocations=50 (full 0):
 garbage-first heap   total 287744K, used 174767K [0x0000000080000000, 0x0000000100000000)
  region size 1024K, 2 young (2048K), 2 survivors (2048K)
 Metaspace       used 137541K, committed 138432K, reserved 1179648K
  class space    used 19347K, committed 19776K, reserved 1048576K
}
Event: 20.385 GC heap before
{Heap before GC invocations=50 (full 0):
 garbage-first heap   total 287744K, used 201391K [0x0000000080000000, 0x0000000100000000)
  region size 1024K, 18 young (18432K), 2 survivors (2048K)
 Metaspace       used 139154K, committed 140224K, reserved 1179648K
  class space    used 19560K, committed 20096K, reserved 1048576K
}
Event: 20.388 GC heap after
{Heap after GC invocations=51 (full 0):
 garbage-first heap   total 287744K, used 185861K [0x0000000080000000, 0x0000000100000000)
  region size 1024K, 3 young (3072K), 3 survivors (3072K)
 Metaspace       used 139154K, committed 140224K, reserved 1179648K
  class space    used 19560K, committed 20096K, reserved 1048576K
}
Event: 20.392 GC heap before
{Heap before GC invocations=51 (full 0):
 garbage-first heap   total 287744K, used 196101K [0x0000000080000000, 0x0000000100000000)
  region size 1024K, 4 young (4096K), 3 survivors (3072K)
 Metaspace       used 139157K, committed 140224K, reserved 1179648K
  class space    used 19561K, committed 20096K, reserved 1048576K
}
Event: 20.395 GC heap after
{Heap after GC invocations=52 (full 0):
 garbage-first heap   total 287744K, used 196046K [0x0000000080000000, 0x0000000100000000)
  region size 1024K, 3 young (3072K), 3 survivors (3072K)
 Metaspace       used 139157K, committed 140224K, reserved 1179648K
  class space    used 19561K, committed 20096K, reserved 1048576K
}
Event: 115.609 GC heap before
{Heap before GC invocations=53 (full 0):
 garbage-first heap   total 311296K, used 231886K [0x0000000080000000, 0x0000000100000000)
  region size 1024K, 52 young (53248K), 3 survivors (3072K)
 Metaspace       used 140174K, committed 141120K, reserved 1179648K
  class space    used 19725K, committed 20224K, reserved 1048576K
}
Event: 115.613 GC heap after
{Heap after GC invocations=54 (full 0):
 garbage-first heap   total 311296K, used 159835K [0x0000000080000000, 0x0000000100000000)
  region size 1024K, 6 young (6144K), 6 survivors (6144K)
 Metaspace       used 140174K, committed 141120K, reserved 1179648K
  class space    used 19725K, committed 20224K, reserved 1048576K
}
Event: 115.660 GC heap before
{Heap before GC invocations=54 (full 0):
 garbage-first heap   total 311296K, used 168027K [0x0000000080000000, 0x0000000100000000)
  region size 1024K, 15 young (15360K), 6 survivors (6144K)
 Metaspace       used 140230K, committed 141184K, reserved 1179648K
  class space    used 19725K, committed 20224K, reserved 1048576K
}
Event: 115.665 GC heap after
{Heap after GC invocations=55 (full 0):
 garbage-first heap   total 311296K, used 143752K [0x0000000080000000, 0x0000000100000000)
  region size 1024K, 2 young (2048K), 2 survivors (2048K)
 Metaspace       used 140230K, committed 141184K, reserved 1179648K
  class space    used 19725K, committed 20224K, reserved 1048576K
}
Event: 475.203 GC heap before
{Heap before GC invocations=55 (full 0):
 garbage-first heap   total 311296K, used 260488K [0x0000000080000000, 0x0000000100000000)
  region size 1024K, 117 young (119808K), 2 survivors (2048K)
 Metaspace       used 141154K, committed 142144K, reserved 1179648K
  class space    used 19784K, committed 20288K, reserved 1048576K
}
Event: 475.211 GC heap after
{Heap after GC invocations=56 (full 0):
 garbage-first heap   total 311296K, used 154034K [0x0000000080000000, 0x0000000100000000)
  region size 1024K, 12 young (12288K), 12 survivors (12288K)
 Metaspace       used 141154K, committed 142144K, reserved 1179648K
  class space    used 19784K, committed 20288K, reserved 1048576K
}
Event: 475.801 GC heap before
{Heap before GC invocations=57 (full 0):
 garbage-first heap   total 311296K, used 262578K [0x0000000080000000, 0x0000000100000000)
  region size 1024K, 109 young (111616K), 12 survivors (12288K)
 Metaspace       used 141437K, committed 142464K, reserved 1179648K
  class space    used 19781K, committed 20288K, reserved 1048576K
}
Event: 475.824 GC heap after
{Heap after GC invocations=58 (full 0):
 garbage-first heap   total 311296K, used 187319K [0x0000000080000000, 0x0000000100000000)
  region size 1024K, 14 young (14336K), 14 survivors (14336K)
 Metaspace       used 141437K, committed 142464K, reserved 1179648K
  class space    used 19781K, committed 20288K, reserved 1048576K
}
Event: 475.828 GC heap before
{Heap before GC invocations=58 (full 0):
 garbage-first heap   total 311296K, used 188343K [0x0000000080000000, 0x0000000100000000)
  region size 1024K, 15 young (15360K), 14 survivors (14336K)
 Metaspace       used 141437K, committed 142464K, reserved 1179648K
  class space    used 19781K, committed 20288K, reserved 1048576K
}
Event: 475.842 GC heap after
{Heap after GC invocations=59 (full 0):
 garbage-first heap   total 311296K, used 168888K [0x0000000080000000, 0x0000000100000000)
  region size 1024K, 2 young (2048K), 2 survivors (2048K)
 Metaspace       used 141437K, committed 142464K, reserved 1179648K
  class space    used 19781K, committed 20288K, reserved 1048576K
}
Event: 475.992 GC heap before
{Heap before GC invocations=59 (full 0):
 garbage-first heap   total 311296K, used 219064K [0x0000000080000000, 0x0000000100000000)
  region size 1024K, 52 young (53248K), 2 survivors (2048K)
 Metaspace       used 141466K, committed 142528K, reserved 1179648K
  class space    used 19781K, committed 20288K, reserved 1048576K
}
Event: 475.998 GC heap after
{Heap after GC invocations=60 (full 0):
 garbage-first heap   total 311296K, used 181264K [0x0000000080000000, 0x0000000100000000)
  region size 1024K, 9 young (9216K), 9 survivors (9216K)
 Metaspace       used 141466K, committed 142528K, reserved 1179648K
  class space    used 19781K, committed 20288K, reserved 1048576K
}
Event: 476.270 GC heap before
{Heap before GC invocations=61 (full 0):
 garbage-first heap   total 368640K, used 265232K [0x0000000080000000, 0x0000000100000000)
  region size 1024K, 65 young (66560K), 9 survivors (9216K)
 Metaspace       used 141633K, committed 142720K, reserved 1179648K
  class space    used 19795K, committed 20352K, reserved 1048576K
}
Event: 476.282 GC heap after
{Heap after GC invocations=62 (full 0):
 garbage-first heap   total 368640K, used 188738K [0x0000000080000000, 0x0000000100000000)
  region size 1024K, 9 young (9216K), 9 survivors (9216K)
 Metaspace       used 141633K, committed 142720K, reserved 1179648K
  class space    used 19795K, committed 20352K, reserved 1048576K
}
Event: 476.318 GC heap before
{Heap before GC invocations=62 (full 0):
 garbage-first heap   total 368640K, used 197954K [0x0000000080000000, 0x0000000100000000)
  region size 1024K, 18 young (18432K), 9 survivors (9216K)
 Metaspace       used 141641K, committed 142720K, reserved 1179648K
  class space    used 19795K, committed 20352K, reserved 1048576K
}

